c:\users\juseong\desktop\densecut -windows-master\mmcheng_densecut\release\grabcutmf.pch
c:\users\juseong\desktop\densecut -windows-master\mmcheng_densecut\release\vc120.pdb
c:\users\juseong\desktop\densecut -windows-master\mmcheng_densecut\release\stdafx.obj
c:\users\juseong\desktop\densecut -windows-master\mmcheng_densecut\release\grabcutmf_main.obj
c:\users\juseong\desktop\densecut -windows-master\mmcheng_densecut\release\grabcutmf.obj
c:\users\juseong\desktop\densecut -windows-master\mmcheng_densecut\release\densecrf.obj
c:\users\juseong\desktop\densecut -windows-master\mmcheng_densecut\release\cmgrabsal.obj
c:\users\juseong\desktop\densecut -windows-master\mmcheng_densecut\release\grabcutmf.exe
c:\users\juseong\desktop\densecut -windows-master\mmcheng_densecut\release\grabcutmf.pdb
c:\users\juseong\documents\visual studio 2015\projects\densecut -windows-master\mmcheng_densecut\release\cmgrabsal.obj
c:\users\juseong\documents\visual studio 2015\projects\densecut -windows-master\mmcheng_densecut\release\densecrf.obj
c:\users\juseong\documents\visual studio 2015\projects\densecut -windows-master\mmcheng_densecut\release\grabcutmf.obj
c:\users\juseong\documents\visual studio 2015\projects\densecut -windows-master\mmcheng_densecut\release\grabcutmf_main.obj
c:\users\juseong\documents\visual studio 2015\projects\densecut -windows-master\mmcheng_densecut\release\stdafx.obj
c:\users\juseong\documents\visual studio 2015\projects\densecut -windows-master\mmcheng_densecut\release\grabcutmf.pch
c:\users\juseong\documents\visual studio 2015\projects\densecut -windows-master\mmcheng_densecut\release\grabcutmf.pdb
c:\users\juseong\documents\visual studio 2015\projects\densecut -windows-master\mmcheng_densecut\release\vc120.pdb
c:\users\juseong\documents\visual studio 2015\projects\densecut -windows-master\mmcheng_densecut\release\grabcutmf.exe
c:\users\juseong\documents\visual studio 2015\projects\densecut -windows-master\mmcheng_densecut\release\grabcutmf.tlog\cl.command.1.tlog
c:\users\juseong\documents\visual studio 2015\projects\densecut -windows-master\mmcheng_densecut\release\grabcutmf.tlog\cl.read.1.tlog
c:\users\juseong\documents\visual studio 2015\projects\densecut -windows-master\mmcheng_densecut\release\grabcutmf.tlog\cl.write.1.tlog
c:\users\juseong\documents\visual studio 2015\projects\densecut -windows-master\mmcheng_densecut\release\grabcutmf.tlog\link.command.1.tlog
c:\users\juseong\documents\visual studio 2015\projects\densecut -windows-master\mmcheng_densecut\release\grabcutmf.tlog\link.read.1.tlog
c:\users\juseong\documents\visual studio 2015\projects\densecut -windows-master\mmcheng_densecut\release\grabcutmf.tlog\link.write.1.tlog
